Build started 6/06/2015 7:09:43 PM.
     1>Project "c:\Users\multi_000\documents\visual studio 2010\Projects\Part_2A_DSA_Dictionary\Part_2A_DSA_Dictionary\Part_2A_DSA_Dictionary.vcxproj" on node 2 (build target(s)).
     1>InitializeBuildStatus:
         Creating "Debug\Part_2A_DSA_Dictionary.unsuccessfulbuild" because "AlwaysCreate" was specified.
       ClCompile:
         c:\Program Files (x86)\Microsoft Visual Studio 10.0\VC\bin\CL.exe /c /ZI /nologo /W3 /WX- /Od /Oy- /D _MBCS /Gm /EHsc /RTC1 /MDd /GS /fp:precise /Zc:wchar_t /Zc:forScope /Fo"Debug\\" /Fd"Debug\vc100.pdb" /Gd /TP /analyze- /errorReport:prompt BSTree.cpp
         BSTree.cpp
     1>c:\users\multi_000\documents\visual studio 2010\projects\part_2a_dsa_dictionary\part_2a_dsa_dictionary\bstree.cpp(25): warning C4996: 'fopen': This function or variable may be unsafe. Consider using fopen_s instead. To disable deprecation, use _CRT_SECURE_NO_WARNINGS. See online help for details.
                 c:\program files (x86)\microsoft visual studio 10.0\vc\include\stdio.h(234) : see declaration of 'fopen'
     1>c:\users\multi_000\documents\visual studio 2010\projects\part_2a_dsa_dictionary\part_2a_dsa_dictionary\bstree.cpp(36): warning C4996: 'fopen': This function or variable may be unsafe. Consider using fopen_s instead. To disable deprecation, use _CRT_SECURE_NO_WARNINGS. See online help for details.
                 c:\program files (x86)\microsoft visual studio 10.0\vc\include\stdio.h(234) : see declaration of 'fopen'
       Link:
         c:\Program Files (x86)\Microsoft Visual Studio 10.0\VC\bin\link.exe /ERRORREPORT:PROMPT /OUT:"c:\users\multi_000\documents\visual studio 2010\Projects\Part_2A_DSA_Dictionary\Debug\Part_2A_DSA_Dictionary.exe" /NOLOGO kernel32.lib user32.lib gdi32.lib winspool.lib comdlg32.lib advapi32.lib shell32.lib ole32.lib oleaut32.lib uuid.lib odbc32.lib odbccp32.lib /MANIFEST /ManifestFile:"Debug\Part_2A_DSA_Dictionary.exe.intermediate.manifest" /MANIFESTUAC:"level='asInvoker' uiAccess='false'" /DEBUG /PDB:"c:\users\multi_000\documents\visual studio 2010\Projects\Part_2A_DSA_Dictionary\Debug\Part_2A_DSA_Dictionary.pdb" /TLBID:1 /DYNAMICBASE /NXCOMPAT /IMPLIB:"c:\users\multi_000\documents\visual studio 2010\Projects\Part_2A_DSA_Dictionary\Debug\Part_2A_DSA_Dictionary.lib" /MACHINE:X86 Debug\BSTree.obj
         Debug\main.obj
         LINK : c:\users\multi_000\documents\visual studio 2010\Projects\Part_2A_DSA_Dictionary\Debug\Part_2A_DSA_Dictionary.exe not found or not built by the last incremental link; performing full link
         Part_2A_DSA_Dictionary.vcxproj -> c:\users\multi_000\documents\visual studio 2010\Projects\Part_2A_DSA_Dictionary\Debug\Part_2A_DSA_Dictionary.exe
       Manifest:
         C:\Program Files (x86)\Microsoft SDKs\Windows\v7.0A\bin\mt.exe /nologo /verbose /outputresource:"c:\users\multi_000\documents\visual studio 2010\Projects\Part_2A_DSA_Dictionary\Debug\Part_2A_DSA_Dictionary.exe;#1" /manifest Debug\Part_2A_DSA_Dictionary.exe.intermediate.manifest
       FinalizeBuildStatus:
         Deleting file "Debug\Part_2A_DSA_Dictionary.unsuccessfulbuild".
         Touching "Debug\Part_2A_DSA_Dictionary.lastbuildstate".
     1>Done Building Project "c:\Users\multi_000\documents\visual studio 2010\Projects\Part_2A_DSA_Dictionary\Part_2A_DSA_Dictionary\Part_2A_DSA_Dictionary.vcxproj" (build target(s)).

Build succeeded.

Time Elapsed 00:00:02.85
