Build started 6/06/2015 7:50:36 PM.
     1>Project "c:\Users\multi_000\documents\visual studio 2010\Projects\Part_2B_DSA_SpellChecker\Part_2B_DSA_SpellChecker\Part_2B_DSA_SpellChecker.vcxproj" on node 2 (build target(s)).
     1>PrepareForBuild:
         Creating directory "c:\users\multi_000\documents\visual studio 2010\Projects\Part_2B_DSA_SpellChecker\Debug\".
       InitializeBuildStatus:
         Creating "Debug\Part_2B_DSA_SpellChecker.unsuccessfulbuild" because "AlwaysCreate" was specified.
       ClCompile:
         c:\Program Files (x86)\Microsoft Visual Studio 10.0\VC\bin\CL.exe /c /ZI /nologo /W3 /WX- /Od /Oy- /D _MBCS /Gm /EHsc /RTC1 /MDd /GS /fp:precise /Zc:wchar_t /Zc:forScope /Fo"Debug\\" /Fd"Debug\vc100.pdb" /Gd /TP /analyze- /errorReport:prompt hash.cpp main.cpp
         main.cpp
         hash.cpp
     1>c:\users\multi_000\documents\visual studio 2010\projects\part_2b_dsa_spellchecker\part_2b_dsa_spellchecker\hash.cpp(70): warning C4996: 'strcpy': This function or variable may be unsafe. Consider using strcpy_s instead. To disable deprecation, use _CRT_SECURE_NO_WARNINGS. See online help for details.
                 c:\program files (x86)\microsoft visual studio 10.0\vc\include\string.h(105) : see declaration of 'strcpy'
     1>c:\users\multi_000\documents\visual studio 2010\projects\part_2b_dsa_spellchecker\part_2b_dsa_spellchecker\hash.cpp(81): warning C4996: 'strcpy': This function or variable may be unsafe. Consider using strcpy_s instead. To disable deprecation, use _CRT_SECURE_NO_WARNINGS. See online help for details.
                 c:\program files (x86)\microsoft visual studio 10.0\vc\include\string.h(105) : see declaration of 'strcpy'
         Generating Code...
       Link:
         c:\Program Files (x86)\Microsoft Visual Studio 10.0\VC\bin\link.exe /ERRORREPORT:PROMPT /OUT:"c:\users\multi_000\documents\visual studio 2010\Projects\Part_2B_DSA_SpellChecker\Debug\Part_2B_DSA_SpellChecker.exe" /NOLOGO kernel32.lib user32.lib gdi32.lib winspool.lib comdlg32.lib advapi32.lib shell32.lib ole32.lib oleaut32.lib uuid.lib odbc32.lib odbccp32.lib /MANIFEST /ManifestFile:"Debug\Part_2B_DSA_SpellChecker.exe.intermediate.manifest" /MANIFESTUAC:"level='asInvoker' uiAccess='false'" /DEBUG /PDB:"c:\users\multi_000\documents\visual studio 2010\Projects\Part_2B_DSA_SpellChecker\Debug\Part_2B_DSA_SpellChecker.pdb" /TLBID:1 /DYNAMICBASE /NXCOMPAT /IMPLIB:"c:\users\multi_000\documents\visual studio 2010\Projects\Part_2B_DSA_SpellChecker\Debug\Part_2B_DSA_SpellChecker.lib" /MACHINE:X86 Debug\hash.obj
         Debug\main.obj
         Part_2B_DSA_SpellChecker.vcxproj -> c:\users\multi_000\documents\visual studio 2010\Projects\Part_2B_DSA_SpellChecker\Debug\Part_2B_DSA_SpellChecker.exe
       Manifest:
         C:\Program Files (x86)\Microsoft SDKs\Windows\v7.0A\bin\mt.exe /nologo /verbose /outputresource:"c:\users\multi_000\documents\visual studio 2010\Projects\Part_2B_DSA_SpellChecker\Debug\Part_2B_DSA_SpellChecker.exe;#1" /manifest Debug\Part_2B_DSA_SpellChecker.exe.intermediate.manifest
       FinalizeBuildStatus:
         Deleting file "Debug\Part_2B_DSA_SpellChecker.unsuccessfulbuild".
         Touching "Debug\Part_2B_DSA_SpellChecker.lastbuildstate".
     1>Done Building Project "c:\Users\multi_000\documents\visual studio 2010\Projects\Part_2B_DSA_SpellChecker\Part_2B_DSA_SpellChecker\Part_2B_DSA_SpellChecker.vcxproj" (build target(s)).

Build succeeded.

Time Elapsed 00:00:05.25
