Build started 13/04/2015 12:31:36 AM.
     1>Project "c:\Users\multi_000\documents\visual studio 2010\Projects\Part_1_DSA_Memory_Manager\Part_1_DSA_Memory_Manager\Part_1_DSA_Memory_Manager.vcxproj" on node 2 (build target(s)).
     1>PrepareForBuild:
         Creating directory "c:\users\multi_000\documents\visual studio 2010\Projects\Part_1_DSA_Memory_Manager\Debug\".
       InitializeBuildStatus:
         Creating "Debug\Part_1_DSA_Memory_Manager.unsuccessfulbuild" because "AlwaysCreate" was specified.
       ClCompile:
         c:\Program Files (x86)\Microsoft Visual Studio 10.0\VC\bin\CL.exe /c /ZI /nologo /W3 /WX- /Od /Oy- /D _MBCS /Gm /EHsc /RTC1 /MDd /GS /fp:precise /Zc:wchar_t /Zc:forScope /Fo"Debug\\" /Fd"Debug\vc100.pdb" /Gd /TP /analyze- /errorReport:prompt main.cpp MemManage.cpp newNode.cpp OLL.cpp
         OLL.cpp
         newNode.cpp
         MemManage.cpp
         main.cpp
         Generating Code...
     1>c:\users\multi_000\documents\visual studio 2010\projects\part_1_dsa_memory_manager\part_1_dsa_memory_manager\memmanage.cpp(121): warning C4715: 'MemManage::Alloc' : not all control paths return a value
       Link:
         c:\Program Files (x86)\Microsoft Visual Studio 10.0\VC\bin\link.exe /ERRORREPORT:PROMPT /OUT:"c:\users\multi_000\documents\visual studio 2010\Projects\Part_1_DSA_Memory_Manager\Debug\Part_1_DSA_Memory_Manager.exe" /NOLOGO kernel32.lib user32.lib gdi32.lib winspool.lib comdlg32.lib advapi32.lib shell32.lib ole32.lib oleaut32.lib uuid.lib odbc32.lib odbccp32.lib /MANIFEST /ManifestFile:"Debug\Part_1_DSA_Memory_Manager.exe.intermediate.manifest" /MANIFESTUAC:"level='asInvoker' uiAccess='false'" /DEBUG /PDB:"c:\users\multi_000\documents\visual studio 2010\Projects\Part_1_DSA_Memory_Manager\Debug\Part_1_DSA_Memory_Manager.pdb" /TLBID:1 /DYNAMICBASE /NXCOMPAT /IMPLIB:"c:\users\multi_000\documents\visual studio 2010\Projects\Part_1_DSA_Memory_Manager\Debug\Part_1_DSA_Memory_Manager.lib" /MACHINE:X86 Debug\main.obj
         Debug\MemManage.obj
         Debug\newNode.obj
         Debug\OLL.obj
         Part_1_DSA_Memory_Manager.vcxproj -> c:\users\multi_000\documents\visual studio 2010\Projects\Part_1_DSA_Memory_Manager\Debug\Part_1_DSA_Memory_Manager.exe
       Manifest:
         C:\Program Files (x86)\Microsoft SDKs\Windows\v7.0A\bin\mt.exe /nologo /verbose /outputresource:"c:\users\multi_000\documents\visual studio 2010\Projects\Part_1_DSA_Memory_Manager\Debug\Part_1_DSA_Memory_Manager.exe;#1" /manifest Debug\Part_1_DSA_Memory_Manager.exe.intermediate.manifest
       FinalizeBuildStatus:
         Deleting file "Debug\Part_1_DSA_Memory_Manager.unsuccessfulbuild".
         Touching "Debug\Part_1_DSA_Memory_Manager.lastbuildstate".
     1>Done Building Project "c:\Users\multi_000\documents\visual studio 2010\Projects\Part_1_DSA_Memory_Manager\Part_1_DSA_Memory_Manager\Part_1_DSA_Memory_Manager.vcxproj" (build target(s)).

Build succeeded.

Time Elapsed 00:00:07.71
