Build started 13/04/2015 12:24:02 AM.
     1>Project "c:\Users\multi_000\documents\visual studio 2010\Projects\Part_2_DSA_Auto_Router\Part_2_DSA_Auto_Router\Part_2_DSA_Auto_Router.vcxproj" on node 2 (build target(s)).
     1>InitializeBuildStatus:
         Touching "Debug\Part_2_DSA_Auto_Router.unsuccessfulbuild".
       ClCompile:
         c:\Program Files (x86)\Microsoft Visual Studio 10.0\VC\bin\CL.exe /c /ZI /nologo /W3 /WX- /Od /Oy- /D _MBCS /Gm /EHsc /RTC1 /MDd /GS /fp:precise /Zc:wchar_t /Zc:forScope /Fo"Debug\\" /Fd"Debug\vc100.pdb" /Gd /TP /analyze- /errorReport:prompt AStarRouter.cpp Grid.cpp GridUpdate.cpp Main.cpp PathFinder.cpp
         PathFinder.cpp
     1>c:\users\multi_000\documents\visual studio 2010\projects\part_2_dsa_auto_router\part_2_dsa_auto_router\pathfinder.cpp(47): warning C4244: '=' : conversion from 'double' to 'int', possible loss of data
         Main.cpp
         GridUpdate.cpp
         Grid.cpp
     1>c:\users\multi_000\documents\visual studio 2010\projects\part_2_dsa_auto_router\part_2_dsa_auto_router\grid.cpp(68): warning C4244: '=' : conversion from 'std::streamsize' to 'int', possible loss of data
         AStarRouter.cpp
     1>c:\users\multi_000\documents\visual studio 2010\projects\part_2_dsa_auto_router\part_2_dsa_auto_router\astarrouter.cpp(146): warning C4244: '=' : conversion from 'double' to 'int', possible loss of data
     1>c:\users\multi_000\documents\visual studio 2010\projects\part_2_dsa_auto_router\part_2_dsa_auto_router\astarrouter.cpp(153): warning C4244: 'initializing' : conversion from 'double' to 'int', possible loss of data
         Generating Code...
       Link:
         c:\Program Files (x86)\Microsoft Visual Studio 10.0\VC\bin\link.exe /ERRORREPORT:PROMPT /OUT:"c:\users\multi_000\documents\visual studio 2010\Projects\Part_2_DSA_Auto_Router\Debug\Part_2_DSA_Auto_Router.exe" /NOLOGO kernel32.lib user32.lib gdi32.lib winspool.lib comdlg32.lib advapi32.lib shell32.lib ole32.lib oleaut32.lib uuid.lib odbc32.lib odbccp32.lib /MANIFEST /ManifestFile:"Debug\Part_2_DSA_Auto_Router.exe.intermediate.manifest" /MANIFESTUAC:"level='asInvoker' uiAccess='false'" /DEBUG /PDB:"c:\users\multi_000\documents\visual studio 2010\Projects\Part_2_DSA_Auto_Router\Debug\Part_2_DSA_Auto_Router.pdb" /TLBID:1 /DYNAMICBASE /NXCOMPAT /IMPLIB:"c:\users\multi_000\documents\visual studio 2010\Projects\Part_2_DSA_Auto_Router\Debug\Part_2_DSA_Auto_Router.lib" /MACHINE:X86 Debug\AStarRouter.obj
         Debug\Grid.obj
         Debug\GridUpdate.obj
         Debug\Main.obj
         Debug\PathFinder.obj
         LINK : c:\users\multi_000\documents\visual studio 2010\Projects\Part_2_DSA_Auto_Router\Debug\Part_2_DSA_Auto_Router.exe not found or not built by the last incremental link; performing full link
         Part_2_DSA_Auto_Router.vcxproj -> c:\users\multi_000\documents\visual studio 2010\Projects\Part_2_DSA_Auto_Router\Debug\Part_2_DSA_Auto_Router.exe
       Manifest:
         C:\Program Files (x86)\Microsoft SDKs\Windows\v7.0A\bin\mt.exe /nologo /verbose /outputresource:"c:\users\multi_000\documents\visual studio 2010\Projects\Part_2_DSA_Auto_Router\Debug\Part_2_DSA_Auto_Router.exe;#1" /manifest Debug\Part_2_DSA_Auto_Router.exe.intermediate.manifest
       FinalizeBuildStatus:
         Deleting file "Debug\Part_2_DSA_Auto_Router.unsuccessfulbuild".
         Touching "Debug\Part_2_DSA_Auto_Router.lastbuildstate".
     1>Done Building Project "c:\Users\multi_000\documents\visual studio 2010\Projects\Part_2_DSA_Auto_Router\Part_2_DSA_Auto_Router\Part_2_DSA_Auto_Router.vcxproj" (build target(s)).

Build succeeded.

Time Elapsed 00:00:09.99
