Build started 6/06/2015 9:05:46 PM.
     1>Project "c:\Users\multi_000\documents\visual studio 2010\Projects\Part_1_DSA_Prims\Part_1_DSA_Prims\Part_1_DSA_Prims.vcxproj" on node 2 (build target(s)).
     1>InitializeBuildStatus:
         Creating "Debug\Part_1_DSA_Prims.unsuccessfulbuild" because "AlwaysCreate" was specified.
       ClCompile:
         c:\Program Files (x86)\Microsoft Visual Studio 10.0\VC\bin\CL.exe /c /ZI /nologo /W3 /WX- /Od /Oy- /D _MBCS /Gm /EHsc /RTC1 /MDd /GS /fp:precise /Zc:wchar_t /Zc:forScope /Fo"Debug\\" /Fd"Debug\vc100.pdb" /Gd /TP /analyze- /errorReport:prompt main.cpp
         main.cpp
     1>c:\users\multi_000\documents\visual studio 2010\projects\part_1_dsa_prims\part_1_dsa_prims\minimalspantreetype.h(85): warning C4244: 'argument' : conversion from 'time_t' to 'unsigned int', possible loss of data
                 c:\users\multi_000\documents\visual studio 2010\projects\part_1_dsa_prims\part_1_dsa_prims\minimalspantreetype.h(74) : while compiling class template member function 'void msTreeType<vType,size>::createSpanningGraph(void)'
                 with
                 [
                     vType=int,
                     size=100
                 ]
                 c:\users\multi_000\documents\visual studio 2010\projects\part_1_dsa_prims\part_1_dsa_prims\main.cpp(6) : see reference to class template instantiation 'msTreeType<vType,size>' being compiled
                 with
                 [
                     vType=int,
                     size=100
                 ]
     1>c:\users\multi_000\documents\visual studio 2010\projects\part_1_dsa_prims\part_1_dsa_prims\minimalspantreetype.h(328): warning C4244: 'argument' : conversion from 'double' to 'int', possible loss of data
                 c:\users\multi_000\documents\visual studio 2010\projects\part_1_dsa_prims\part_1_dsa_prims\minimalspantreetype.h(288) : while compiling class template member function 'void msTreeType<vType,size>::prim2(vType)'
                 with
                 [
                     vType=int,
                     size=100
                 ]
     1>c:\users\multi_000\documents\visual studio 2010\projects\part_1_dsa_prims\part_1_dsa_prims\minimalspantreetype.h(276): warning C4018: '<' : signed/unsigned mismatch
                 c:\users\multi_000\documents\visual studio 2010\projects\part_1_dsa_prims\part_1_dsa_prims\minimalspantreetype.h(275) : while compiling class template member function 'void msTreeType<vType,size>::setNode(std::vector<_Ty> &,int,int,int)'
                 with
                 [
                     vType=int,
                     size=100,
                     _Ty=node
                 ]
                 c:\users\multi_000\documents\visual studio 2010\projects\part_1_dsa_prims\part_1_dsa_prims\minimalspantreetype.h(74) : while compiling class template member function 'void msTreeType<vType,size>::createSpanningGraph(void)'
                 with
                 [
                     vType=int,
                     size=100
                 ]
       Link:
         c:\Program Files (x86)\Microsoft Visual Studio 10.0\VC\bin\link.exe /ERRORREPORT:PROMPT /OUT:"c:\users\multi_000\documents\visual studio 2010\Projects\Part_1_DSA_Prims\Debug\Part_1_DSA_Prims.exe" /NOLOGO kernel32.lib user32.lib gdi32.lib winspool.lib comdlg32.lib advapi32.lib shell32.lib ole32.lib oleaut32.lib uuid.lib odbc32.lib odbccp32.lib /MANIFEST /ManifestFile:"Debug\Part_1_DSA_Prims.exe.intermediate.manifest" /MANIFESTUAC:"level='asInvoker' uiAccess='false'" /DEBUG /PDB:"c:\users\multi_000\documents\visual studio 2010\Projects\Part_1_DSA_Prims\Debug\Part_1_DSA_Prims.pdb" /TLBID:1 /DYNAMICBASE /NXCOMPAT /IMPLIB:"c:\users\multi_000\documents\visual studio 2010\Projects\Part_1_DSA_Prims\Debug\Part_1_DSA_Prims.lib" /MACHINE:X86 Debug\main.obj
         LINK : c:\users\multi_000\documents\visual studio 2010\Projects\Part_1_DSA_Prims\Debug\Part_1_DSA_Prims.exe not found or not built by the last incremental link; performing full link
         Part_1_DSA_Prims.vcxproj -> c:\users\multi_000\documents\visual studio 2010\Projects\Part_1_DSA_Prims\Debug\Part_1_DSA_Prims.exe
       Manifest:
         C:\Program Files (x86)\Microsoft SDKs\Windows\v7.0A\bin\mt.exe /nologo /verbose /outputresource:"c:\users\multi_000\documents\visual studio 2010\Projects\Part_1_DSA_Prims\Debug\Part_1_DSA_Prims.exe;#1" /manifest Debug\Part_1_DSA_Prims.exe.intermediate.manifest
       FinalizeBuildStatus:
         Deleting file "Debug\Part_1_DSA_Prims.unsuccessfulbuild".
         Touching "Debug\Part_1_DSA_Prims.lastbuildstate".
     1>Done Building Project "c:\Users\multi_000\documents\visual studio 2010\Projects\Part_1_DSA_Prims\Part_1_DSA_Prims\Part_1_DSA_Prims.vcxproj" (build target(s)).

Build succeeded.

Time Elapsed 00:00:03.43
