Build started 6/06/2015 11:14:29 PM.
     1>Project "c:\Users\multi_000\documents\visual studio 2010\Projects\Part_2A_DSA_Dictionary\Part_2A_DSA_Dictionary\Part_2A_DSA_Dictionary.vcxproj" on node 2 (build target(s)).
     1>PrepareForBuild:
         Creating directory "c:\users\multi_000\documents\visual studio 2010\Projects\Part_2A_DSA_Dictionary\Release\".
       InitializeBuildStatus:
         Creating "Release\Part_2A_DSA_Dictionary.unsuccessfulbuild" because "AlwaysCreate" was specified.
       ClCompile:
         c:\Program Files (x86)\Microsoft Visual Studio 10.0\VC\bin\CL.exe /c /Zi /nologo /W3 /WX- /O2 /Oi /Oy- /GL /D _MBCS /Gm- /EHsc /MD /GS /Gy /fp:precise /Zc:wchar_t /Zc:forScope /Fo"Release\\" /Fd"Release\vc100.pdb" /Gd /TP /analyze- /errorReport:prompt BSTree.cpp main.cpp
         BSTree.cpp
     1>BSTree.cpp(26): warning C4996: 'fopen': This function or variable may be unsafe. Consider using fopen_s instead. To disable deprecation, use _CRT_SECURE_NO_WARNINGS. See online help for details.
                 c:\Program Files (x86)\Microsoft Visual Studio 10.0\VC\include\stdio.h(234) : see declaration of 'fopen'
     1>BSTree.cpp(37): warning C4996: 'fopen': This function or variable may be unsafe. Consider using fopen_s instead. To disable deprecation, use _CRT_SECURE_NO_WARNINGS. See online help for details.
                 c:\Program Files (x86)\Microsoft Visual Studio 10.0\VC\include\stdio.h(234) : see declaration of 'fopen'
         main.cpp
       Link:
         c:\Program Files (x86)\Microsoft Visual Studio 10.0\VC\bin\link.exe /ERRORREPORT:PROMPT /OUT:"c:\users\multi_000\documents\visual studio 2010\Projects\Part_2A_DSA_Dictionary\Release\Part_2A_DSA_Dictionary.exe" /NOLOGO kernel32.lib user32.lib gdi32.lib winspool.lib comdlg32.lib advapi32.lib shell32.lib ole32.lib oleaut32.lib uuid.lib odbc32.lib odbccp32.lib /MANIFEST /ManifestFile:"Release\Part_2A_DSA_Dictionary.exe.intermediate.manifest" /MANIFESTUAC:"level='asInvoker' uiAccess='false'" /DEBUG /PDB:"c:\users\multi_000\documents\visual studio 2010\Projects\Part_2A_DSA_Dictionary\Release\Part_2A_DSA_Dictionary.pdb" /OPT:REF /OPT:ICF /LTCG /TLBID:1 /DYNAMICBASE /NXCOMPAT /IMPLIB:"c:\users\multi_000\documents\visual studio 2010\Projects\Part_2A_DSA_Dictionary\Release\Part_2A_DSA_Dictionary.lib" /MACHINE:X86 Release\BSTree.obj
         Release\main.obj
         Generating code
         Finished generating code
         Part_2A_DSA_Dictionary.vcxproj -> c:\users\multi_000\documents\visual studio 2010\Projects\Part_2A_DSA_Dictionary\Release\Part_2A_DSA_Dictionary.exe
       Manifest:
         C:\Program Files (x86)\Microsoft SDKs\Windows\v7.0A\bin\mt.exe /nologo /verbose /outputresource:"c:\users\multi_000\documents\visual studio 2010\Projects\Part_2A_DSA_Dictionary\Release\Part_2A_DSA_Dictionary.exe;#1" /manifest Release\Part_2A_DSA_Dictionary.exe.intermediate.manifest
       FinalizeBuildStatus:
         Deleting file "Release\Part_2A_DSA_Dictionary.unsuccessfulbuild".
         Touching "Release\Part_2A_DSA_Dictionary.lastbuildstate".
     1>Done Building Project "c:\Users\multi_000\documents\visual studio 2010\Projects\Part_2A_DSA_Dictionary\Part_2A_DSA_Dictionary\Part_2A_DSA_Dictionary.vcxproj" (build target(s)).

Build succeeded.

Time Elapsed 00:00:04.59
