Build started 6/06/2015 11:14:42 PM.
     1>Project "c:\Users\multi_000\documents\visual studio 2010\Projects\Part_2B_DSA_SpellChecker\Part_2B_DSA_SpellChecker\Part_2B_DSA_SpellChecker.vcxproj" on node 2 (build target(s)).
     1>PrepareForBuild:
         Creating directory "c:\users\multi_000\documents\visual studio 2010\Projects\Part_2B_DSA_SpellChecker\Release\".
       InitializeBuildStatus:
         Creating "Release\Part_2B_DSA_SpellChecker.unsuccessfulbuild" because "AlwaysCreate" was specified.
       ClCompile:
         c:\Program Files (x86)\Microsoft Visual Studio 10.0\VC\bin\CL.exe /c /Zi /nologo /W3 /WX- /O2 /Oi /Oy- /GL /D _MBCS /Gm- /EHsc /MD /GS /Gy /fp:precise /Zc:wchar_t /Zc:forScope /Fo"Release\\" /Fd"Release\vc100.pdb" /Gd /TP /analyze- /errorReport:prompt hash.cpp main.cpp
         hash.cpp
     1>hash.cpp(70): warning C4996: 'strcpy': This function or variable may be unsafe. Consider using strcpy_s instead. To disable deprecation, use _CRT_SECURE_NO_WARNINGS. See online help for details.
                 c:\Program Files (x86)\Microsoft Visual Studio 10.0\VC\include\string.h(105) : see declaration of 'strcpy'
     1>hash.cpp(81): warning C4996: 'strcpy': This function or variable may be unsafe. Consider using strcpy_s instead. To disable deprecation, use _CRT_SECURE_NO_WARNINGS. See online help for details.
                 c:\Program Files (x86)\Microsoft Visual Studio 10.0\VC\include\string.h(105) : see declaration of 'strcpy'
         main.cpp
       Link:
         c:\Program Files (x86)\Microsoft Visual Studio 10.0\VC\bin\link.exe /ERRORREPORT:PROMPT /OUT:"c:\users\multi_000\documents\visual studio 2010\Projects\Part_2B_DSA_SpellChecker\Release\Part_2B_DSA_SpellChecker.exe" /NOLOGO kernel32.lib user32.lib gdi32.lib winspool.lib comdlg32.lib advapi32.lib shell32.lib ole32.lib oleaut32.lib uuid.lib odbc32.lib odbccp32.lib /MANIFEST /ManifestFile:"Release\Part_2B_DSA_SpellChecker.exe.intermediate.manifest" /MANIFESTUAC:"level='asInvoker' uiAccess='false'" /DEBUG /PDB:"c:\users\multi_000\documents\visual studio 2010\Projects\Part_2B_DSA_SpellChecker\Release\Part_2B_DSA_SpellChecker.pdb" /OPT:REF /OPT:ICF /LTCG /TLBID:1 /DYNAMICBASE /NXCOMPAT /IMPLIB:"c:\users\multi_000\documents\visual studio 2010\Projects\Part_2B_DSA_SpellChecker\Release\Part_2B_DSA_SpellChecker.lib" /MACHINE:X86 Release\hash.obj
         Release\main.obj
         Generating code
         Finished generating code
         Part_2B_DSA_SpellChecker.vcxproj -> c:\users\multi_000\documents\visual studio 2010\Projects\Part_2B_DSA_SpellChecker\Release\Part_2B_DSA_SpellChecker.exe
       Manifest:
         C:\Program Files (x86)\Microsoft SDKs\Windows\v7.0A\bin\mt.exe /nologo /verbose /outputresource:"c:\users\multi_000\documents\visual studio 2010\Projects\Part_2B_DSA_SpellChecker\Release\Part_2B_DSA_SpellChecker.exe;#1" /manifest Release\Part_2B_DSA_SpellChecker.exe.intermediate.manifest
       FinalizeBuildStatus:
         Deleting file "Release\Part_2B_DSA_SpellChecker.unsuccessfulbuild".
         Touching "Release\Part_2B_DSA_SpellChecker.lastbuildstate".
     1>Done Building Project "c:\Users\multi_000\documents\visual studio 2010\Projects\Part_2B_DSA_SpellChecker\Part_2B_DSA_SpellChecker\Part_2B_DSA_SpellChecker.vcxproj" (build target(s)).

Build succeeded.

Time Elapsed 00:00:04.86
