Build started 13/04/2015 12:32:03 AM.
     1>Project "c:\Users\multi_000\documents\visual studio 2010\Projects\Part_1_DSA_Memory_Manager\Part_1_DSA_Memory_Manager\Part_1_DSA_Memory_Manager.vcxproj" on node 2 (build target(s)).
     1>PrepareForBuild:
         Creating directory "c:\users\multi_000\documents\visual studio 2010\Projects\Part_1_DSA_Memory_Manager\Release\".
       InitializeBuildStatus:
         Creating "Release\Part_1_DSA_Memory_Manager.unsuccessfulbuild" because "AlwaysCreate" was specified.
       ClCompile:
         c:\Program Files (x86)\Microsoft Visual Studio 10.0\VC\bin\CL.exe /c /Zi /nologo /W3 /WX- /O2 /Oi /Oy- /GL /D _MBCS /Gm- /EHsc /MD /GS /Gy /fp:precise /Zc:wchar_t /Zc:forScope /Fo"Release\\" /Fd"Release\vc100.pdb" /Gd /TP /analyze- /errorReport:prompt main.cpp MemManage.cpp newNode.cpp OLL.cpp
         main.cpp
         MemManage.cpp
         newNode.cpp
         OLL.cpp
       Link:
         c:\Program Files (x86)\Microsoft Visual Studio 10.0\VC\bin\link.exe /ERRORREPORT:PROMPT /OUT:"c:\users\multi_000\documents\visual studio 2010\Projects\Part_1_DSA_Memory_Manager\Release\Part_1_DSA_Memory_Manager.exe" /NOLOGO kernel32.lib user32.lib gdi32.lib winspool.lib comdlg32.lib advapi32.lib shell32.lib ole32.lib oleaut32.lib uuid.lib odbc32.lib odbccp32.lib /MANIFEST /ManifestFile:"Release\Part_1_DSA_Memory_Manager.exe.intermediate.manifest" /MANIFESTUAC:"level='asInvoker' uiAccess='false'" /DEBUG /PDB:"c:\users\multi_000\documents\visual studio 2010\Projects\Part_1_DSA_Memory_Manager\Release\Part_1_DSA_Memory_Manager.pdb" /OPT:REF /OPT:ICF /LTCG /TLBID:1 /DYNAMICBASE /NXCOMPAT /IMPLIB:"c:\users\multi_000\documents\visual studio 2010\Projects\Part_1_DSA_Memory_Manager\Release\Part_1_DSA_Memory_Manager.lib" /MACHINE:X86 Release\main.obj
         Release\MemManage.obj
         Release\newNode.obj
         Release\OLL.obj
         Generating code
     1>c:\users\multi_000\documents\visual studio 2010\projects\part_1_dsa_memory_manager\part_1_dsa_memory_manager\memmanage.cpp(121): warning C4715: 'MemManage::Alloc' : not all control paths return a value
         Finished generating code
         Part_1_DSA_Memory_Manager.vcxproj -> c:\users\multi_000\documents\visual studio 2010\Projects\Part_1_DSA_Memory_Manager\Release\Part_1_DSA_Memory_Manager.exe
       Manifest:
         C:\Program Files (x86)\Microsoft SDKs\Windows\v7.0A\bin\mt.exe /nologo /verbose /outputresource:"c:\users\multi_000\documents\visual studio 2010\Projects\Part_1_DSA_Memory_Manager\Release\Part_1_DSA_Memory_Manager.exe;#1" /manifest Release\Part_1_DSA_Memory_Manager.exe.intermediate.manifest
       FinalizeBuildStatus:
         Deleting file "Release\Part_1_DSA_Memory_Manager.unsuccessfulbuild".
         Touching "Release\Part_1_DSA_Memory_Manager.lastbuildstate".
     1>Done Building Project "c:\Users\multi_000\documents\visual studio 2010\Projects\Part_1_DSA_Memory_Manager\Part_1_DSA_Memory_Manager\Part_1_DSA_Memory_Manager.vcxproj" (build target(s)).

Build succeeded.

Time Elapsed 00:00:06.65
